
CommandNotFoundError: Your shell has not been properly configured to use 'conda deactivate'.
To initialize your shell, run

    $ conda init <SHELL_NAME>

Currently supported shells are:
  - bash
  - fish
  - tcsh
  - xonsh
  - zsh
  - powershell

See 'conda init --help' for more information and options.

IMPORTANT: You may need to close and restart your shell after running 'conda init'.


Hello, World! I am process 142 of 256. Running on r353.ib.bridges2.psc.edu
Hello, World! I am process 154 of 256. Running on r353.ib.bridges2.psc.edu
Hello, World! I am process 172 of 256. Running on r353.ib.bridges2.psc.edu
Hello, World! I am process 176 of 256. Running on r353.ib.bridges2.psc.edu
Hello, World! I am process 190 of 256. Running on r353.ib.bridges2.psc.edu
Hello, World! I am process 206 of 256. Running on r353.ib.bridges2.psc.edu
Hello, World! I am process 207 of 256. Running on r353.ib.bridges2.psc.edu
Hello, World! I am process 209 of 256. Running on r353.ib.bridges2.psc.edu
Hello, World! I am process 220 of 256. Running on r353.ib.bridges2.psc.edu
Hello, World! I am process 235 of 256. Running on r353.ib.bridges2.psc.edu
Hello, World! I am process 237 of 256. Running on r353.ib.bridges2.psc.edu
Hello, World! I am process 245 of 256. Running on r353.ib.bridges2.psc.edu
Hello, World! I am process 249 of 256. Running on r353.ib.bridges2.psc.edu
Hello, World! I am process 130 of 256. Running on r353.ib.bridges2.psc.edu
Hello, World! I am process 133 of 256. Running on r353.ib.bridges2.psc.edu
Hello, World! I am process 134 of 256. Running on r353.ib.bridges2.psc.edu
Hello, World! I am process 135 of 256. Running on r353.ib.bridges2.psc.edu
Hello, World! I am process 150 of 256. Running on r353.ib.bridges2.psc.edu
Hello, World! I am process 152 of 256. Running on r353.ib.bridges2.psc.edu
Hello, World! I am process 161 of 256. Running on r353.ib.bridges2.psc.edu
Hello, World! I am process 168 of 256. Running on r353.ib.bridges2.psc.edu
Hello, World! I am process 182 of 256. Running on r353.ib.bridges2.psc.edu
Hello, World! I am process 199 of 256. Running on r353.ib.bridges2.psc.edu
Hello, World! I am process 204 of 256. Running on r353.ib.bridges2.psc.edu
Hello, World! I am process 205 of 256. Running on r353.ib.bridges2.psc.edu
Hello, World! I am process 212 of 256. Running on r353.ib.bridges2.psc.edu
Hello, World! I am process 213 of 256. Running on r353.ib.bridges2.psc.edu
Hello, World! I am process 229 of 256. Running on r353.ib.bridges2.psc.edu
Hello, World! I am process 230 of 256. Running on r353.ib.bridges2.psc.edu
Hello, World! I am process 233 of 256. Running on r353.ib.bridges2.psc.edu
Hello, World! I am process 234 of 256. Running on r353.ib.bridges2.psc.edu
Hello, World! I am process 240 of 256. Running on r353.ib.bridges2.psc.edu
Hello, World! I am process 246 of 256. Running on r353.ib.bridges2.psc.edu
Hello, World! I am process 247 of 256. Running on r353.ib.bridges2.psc.edu
Hello, World! I am process 250 of 256. Running on r353.ib.bridges2.psc.edu
Hello, World! I am process 251 of 256. Running on r353.ib.bridges2.psc.edu
Hello, World! I am process 252 of 256. Running on r353.ib.bridges2.psc.edu
Hello, World! I am process 254 of 256. Running on r353.ib.bridges2.psc.edu
Hello, World! I am process 128 of 256. Running on r353.ib.bridges2.psc.edu
Hello, World! I am process 132 of 256. Running on r353.ib.bridges2.psc.edu
Hello, World! I am process 137 of 256. Running on r353.ib.bridges2.psc.edu
Hello, World! I am process 138 of 256. Running on r353.ib.bridges2.psc.edu
Hello, World! I am process 141 of 256. Running on r353.ib.bridges2.psc.edu
Hello, World! I am process 147 of 256. Running on r353.ib.bridges2.psc.edu
Hello, World! I am process 157 of 256. Running on r353.ib.bridges2.psc.edu
Hello, World! I am process 159 of 256. Running on r353.ib.bridges2.psc.edu
Hello, World! I am process 162 of 256. Running on r353.ib.bridges2.psc.edu
Hello, World! I am process 175 of 256. Running on r353.ib.bridges2.psc.edu
Hello, World! I am process 178 of 256. Running on r353.ib.bridges2.psc.edu
Hello, World! I am process 193 of 256. Running on r353.ib.bridges2.psc.edu
Hello, World! I am process 198 of 256. Running on r353.ib.bridges2.psc.edu
Hello, World! I am process 200 of 256. Running on r353.ib.bridges2.psc.edu
Hello, World! I am process 201 of 256. Running on r353.ib.bridges2.psc.edu
Hello, World! I am process 217 of 256. Running on r353.ib.bridges2.psc.edu
Hello, World! I am process 222 of 256. Running on r353.ib.bridges2.psc.edu
Hello, World! I am process 225 of 256. Running on r353.ib.bridges2.psc.edu
Hello, World! I am process 228 of 256. Running on r353.ib.bridges2.psc.edu
Hello, World! I am process 241 of 256. Running on r353.ib.bridges2.psc.edu
Hello, World! I am process 131 of 256. Running on r353.ib.bridges2.psc.edu
Hello, World! I am process 146 of 256. Running on r353.ib.bridges2.psc.edu
Hello, World! I am process 155 of 256. Running on r353.ib.bridges2.psc.edu
Hello, World! I am process 163 of 256. Running on r353.ib.bridges2.psc.edu
Hello, World! I am process 170 of 256. Running on r353.ib.bridges2.psc.edu
Hello, World! I am process 177 of 256. Running on r353.ib.bridges2.psc.edu
Hello, World! I am process 183 of 256. Running on r353.ib.bridges2.psc.edu
Hello, World! I am process 184 of 256. Running on r353.ib.bridges2.psc.edu
Hello, World! I am process 186 of 256. Running on r353.ib.bridges2.psc.edu
Hello, World! I am process 187 of 256. Running on r353.ib.bridges2.psc.edu
Hello, World! I am process 188 of 256. Running on r353.ib.bridges2.psc.edu
Hello, World! I am process 197 of 256. Running on r353.ib.bridges2.psc.edu
Hello, World! I am process 202 of 256. Running on r353.ib.bridges2.psc.edu
Hello, World! I am process 203 of 256. Running on r353.ib.bridges2.psc.edu
Hello, World! I am process 208 of 256. Running on r353.ib.bridges2.psc.edu
Hello, World! I am process 210 of 256. Running on r353.ib.bridges2.psc.edu
Hello, World! I am process 216 of 256. Running on r353.ib.bridges2.psc.edu
Hello, World! I am process 227 of 256. Running on r353.ib.bridges2.psc.edu
Hello, World! I am process 231 of 256. Running on r353.ib.bridges2.psc.edu
Hello, World! I am process 239 of 256. Running on r353.ib.bridges2.psc.edu
Hello, World! I am process 242 of 256. Running on r353.ib.bridges2.psc.edu
Hello, World! I am process 253 of 256. Running on r353.ib.bridges2.psc.edu
Hello, World! I am process 139 of 256. Running on r353.ib.bridges2.psc.edu
Hello, World! I am process 144 of 256. Running on r353.ib.bridges2.psc.edu
Hello, World! I am process 153 of 256. Running on r353.ib.bridges2.psc.edu
Hello, World! I am process 156 of 256. Running on r353.ib.bridges2.psc.edu
Hello, World! I am process 164 of 256. Running on r353.ib.bridges2.psc.edu
Hello, World! I am process 173 of 256. Running on r353.ib.bridges2.psc.edu
Hello, World! I am process 191 of 256. Running on r353.ib.bridges2.psc.edu
Hello, World! I am process 196 of 256. Running on r353.ib.bridges2.psc.edu
Hello, World! I am process 232 of 256. Running on r353.ib.bridges2.psc.edu
Hello, World! I am process 145 of 256. Running on r353.ib.bridges2.psc.edu
Hello, World! I am process 149 of 256. Running on r353.ib.bridges2.psc.edu
Hello, World! I am process 1 of 256. Running on r351.ib.bridges2.psc.edu
Hello, World! I am process 166 of 256. Running on r353.ib.bridges2.psc.edu
Hello, World! I am process 8 of 256. Running on r351.ib.bridges2.psc.edu
Hello, World! I am process 171 of 256. Running on r353.ib.bridges2.psc.edu
Hello, World! I am process 10 of 256. Running on r351.ib.bridges2.psc.edu
Hello, World! I am process 180 of 256. Running on r353.ib.bridges2.psc.edu
Hello, World! I am process 57 of 256. Running on r351.ib.bridges2.psc.edu
Hello, World! I am process 185 of 256. Running on r353.ib.bridges2.psc.edu
Hello, World! I am process 97 of 256. Running on r351.ib.bridges2.psc.edu
Hello, World! I am process 189 of 256. Running on r353.ib.bridges2.psc.edu
Hello, World! I am process 100 of 256. Running on r351.ib.bridges2.psc.edu
Hello, World! I am process 194 of 256. Running on r353.ib.bridges2.psc.edu
Hello, World! I am process 107 of 256. Running on r351.ib.bridges2.psc.edu
Hello, World! I am process 211 of 256. Running on r353.ib.bridges2.psc.edu
Hello, World! I am process 120 of 256. Running on r351.ib.bridges2.psc.edu
Hello, World! I am process 215 of 256. Running on r353.ib.bridges2.psc.edu
Hello, World! I am process 122 of 256. Running on r351.ib.bridges2.psc.edu
Hello, World! I am process 226 of 256. Running on r353.ib.bridges2.psc.edu
Hello, World! I am process 126 of 256. Running on r351.ib.bridges2.psc.edu
Hello, World! I am process 236 of 256. Running on r353.ib.bridges2.psc.edu
Hello, World! I am process 17 of 256. Running on r351.ib.bridges2.psc.edu
Hello, World! I am process 243 of 256. Running on r353.ib.bridges2.psc.edu
Hello, World! I am process 32 of 256. Running on r351.ib.bridges2.psc.edu
Hello, World! I am process 255 of 256. Running on r353.ib.bridges2.psc.edu
Hello, World! I am process 38 of 256. Running on r351.ib.bridges2.psc.edu
Hello, World! I am process 140 of 256. Running on r353.ib.bridges2.psc.edu
Hello, World! I am process 46 of 256. Running on r351.ib.bridges2.psc.edu
Hello, World! I am process 148 of 256. Running on r353.ib.bridges2.psc.edu
Hello, World! I am process 54 of 256. Running on r351.ib.bridges2.psc.edu
Hello, World! I am process 160 of 256. Running on r353.ib.bridges2.psc.edu
Hello, World! I am process 66 of 256. Running on r351.ib.bridges2.psc.edu
Hello, World! I am process 167 of 256. Running on r353.ib.bridges2.psc.edu
Hello, World! I am process 76 of 256. Running on r351.ib.bridges2.psc.edu
Hello, World! I am process 179 of 256. Running on r353.ib.bridges2.psc.edu
Hello, World! I am process 81 of 256. Running on r351.ib.bridges2.psc.edu
Hello, World! I am process 181 of 256. Running on r353.ib.bridges2.psc.edu
Hello, World! I am process 87 of 256. Running on r351.ib.bridges2.psc.edu
Hello, World! I am process 195 of 256. Running on r353.ib.bridges2.psc.edu
Hello, World! I am process 91 of 256. Running on r351.ib.bridges2.psc.edu
Hello, World! I am process 214 of 256. Running on r353.ib.bridges2.psc.edu
Hello, World! I am process 102 of 256. Running on r351.ib.bridges2.psc.edu
Hello, World! I am process 218 of 256. Running on r353.ib.bridges2.psc.edu
Hello, World! I am process 106 of 256. Running on r351.ib.bridges2.psc.edu
Hello, World! I am process 143 of 256. Running on r353.ib.bridges2.psc.edu
Hello, World! I am process 127 of 256. Running on r351.ib.bridges2.psc.edu
Hello, World! I am process 151 of 256. Running on r353.ib.bridges2.psc.edu
Hello, World! I am process 13 of 256. Running on r351.ib.bridges2.psc.edu
Hello, World! I am process 158 of 256. Running on r353.ib.bridges2.psc.edu
Hello, World! I am process 24 of 256. Running on r351.ib.bridges2.psc.edu
Hello, World! I am process 165 of 256. Running on r353.ib.bridges2.psc.edu
Hello, World! I am process 84 of 256. Running on r351.ib.bridges2.psc.edu
Hello, World! I am process 169 of 256. Running on r353.ib.bridges2.psc.edu
Hello, World! I am process 116 of 256. Running on r351.ib.bridges2.psc.edu
Hello, World! I am process 219 of 256. Running on r353.ib.bridges2.psc.edu
Hello, World! I am process 2 of 256. Running on r351.ib.bridges2.psc.edu
Hello, World! I am process 238 of 256. Running on r353.ib.bridges2.psc.edu
Hello, World! I am process 29 of 256. Running on r351.ib.bridges2.psc.edu
Hello, World! I am process 244 of 256. Running on r353.ib.bridges2.psc.edu
Hello, World! I am process 45 of 256. Running on r351.ib.bridges2.psc.edu
Hello, World! I am process 221 of 256. Running on r353.ib.bridges2.psc.edu
Hello, World! I am process 124 of 256. Running on r351.ib.bridges2.psc.edu
Hello, World! I am process 224 of 256. Running on r353.ib.bridges2.psc.edu
Hello, World! I am process 118 of 256. Running on r351.ib.bridges2.psc.edu
Hello, World! I am process 248 of 256. Running on r353.ib.bridges2.psc.edu
Hello, World! I am process 58 of 256. Running on r351.ib.bridges2.psc.edu
Hello, World! I am process 93 of 256. Running on r351.ib.bridges2.psc.edu
Hello, World! I am process 95 of 256. Running on r351.ib.bridges2.psc.edu
Hello, World! I am process 111 of 256. Running on r351.ib.bridges2.psc.edu
Hello, World! I am process 3 of 256. Running on r351.ib.bridges2.psc.edu
Hello, World! I am process 14 of 256. Running on r351.ib.bridges2.psc.edu
Hello, World! I am process 15 of 256. Running on r351.ib.bridges2.psc.edu
Hello, World! I am process 62 of 256. Running on r351.ib.bridges2.psc.edu
Hello, World! I am process 103 of 256. Running on r351.ib.bridges2.psc.edu
Hello, World! I am process 31 of 256. Running on r351.ib.bridges2.psc.edu
Hello, World! I am process 48 of 256. Running on r351.ib.bridges2.psc.edu
Hello, World! I am process 52 of 256. Running on r351.ib.bridges2.psc.edu
Hello, World! I am process 55 of 256. Running on r351.ib.bridges2.psc.edu
Hello, World! I am process 56 of 256. Running on r351.ib.bridges2.psc.edu
Hello, World! I am process 61 of 256. Running on r351.ib.bridges2.psc.edu
Hello, World! I am process 67 of 256. Running on r351.ib.bridges2.psc.edu
Hello, World! I am process 83 of 256. Running on r351.ib.bridges2.psc.edu
Hello, World! I am process 129 of 256. Running on r353.ib.bridges2.psc.edu
Hello, World! I am process 88 of 256. Running on r351.ib.bridges2.psc.edu
Hello, World! I am process 89 of 256. Running on r351.ib.bridges2.psc.edu
Hello, World! I am process 98 of 256. Running on r351.ib.bridges2.psc.edu
Hello, World! I am process 104 of 256. Running on r351.ib.bridges2.psc.edu
Hello, World! I am process 108 of 256. Running on r351.ib.bridges2.psc.edu
Hello, World! I am process 110 of 256. Running on r351.ib.bridges2.psc.edu
Hello, World! I am process 115 of 256. Running on r351.ib.bridges2.psc.edu
Hello, World! I am process 4 of 256. Running on r351.ib.bridges2.psc.edu
Hello, World! I am process 136 of 256. Running on r353.ib.bridges2.psc.edu
Hello, World! I am process 12 of 256. Running on r351.ib.bridges2.psc.edu
Hello, World! I am process 223 of 256. Running on r353.ib.bridges2.psc.edu
Hello, World! I am process 21 of 256. Running on r351.ib.bridges2.psc.edu
Hello, World! I am process 22 of 256. Running on r351.ib.bridges2.psc.edu
Hello, World! I am process 23 of 256. Running on r351.ib.bridges2.psc.edu
Hello, World! I am process 25 of 256. Running on r351.ib.bridges2.psc.edu
Hello, World! I am process 27 of 256. Running on r351.ib.bridges2.psc.edu
Hello, World! I am process 33 of 256. Running on r351.ib.bridges2.psc.edu
Hello, World! I am process 37 of 256. Running on r351.ib.bridges2.psc.edu
Hello, World! I am process 39 of 256. Running on r351.ib.bridges2.psc.edu
Hello, World! I am process 42 of 256. Running on r351.ib.bridges2.psc.edu
Hello, World! I am process 43 of 256. Running on r351.ib.bridges2.psc.edu
Hello, World! I am process 50 of 256. Running on r351.ib.bridges2.psc.edu
Hello, World! I am process 51 of 256. Running on r351.ib.bridges2.psc.edu
Hello, World! I am process 53 of 256. Running on r351.ib.bridges2.psc.edu
Hello, World! I am process 71 of 256. Running on r351.ib.bridges2.psc.edu
Hello, World! I am process 74 of 256. Running on r351.ib.bridges2.psc.edu
Hello, World! I am process 77 of 256. Running on r351.ib.bridges2.psc.edu
Hello, World! I am process 79 of 256. Running on r351.ib.bridges2.psc.edu
Hello, World! I am process 86 of 256. Running on r351.ib.bridges2.psc.edu
Hello, World! I am process 90 of 256. Running on r351.ib.bridges2.psc.edu
Hello, World! I am process 101 of 256. Running on r351.ib.bridges2.psc.edu
Hello, World! I am process 9 of 256. Running on r351.ib.bridges2.psc.edu
Hello, World! I am process 11 of 256. Running on r351.ib.bridges2.psc.edu
Hello, World! I am process 26 of 256. Running on r351.ib.bridges2.psc.edu
Hello, World! I am process 36 of 256. Running on r351.ib.bridges2.psc.edu
Hello, World! I am process 47 of 256. Running on r351.ib.bridges2.psc.edu
Hello, World! I am process 49 of 256. Running on r351.ib.bridges2.psc.edu
Hello, World! I am process 59 of 256. Running on r351.ib.bridges2.psc.edu
Hello, World! I am process 60 of 256. Running on r351.ib.bridges2.psc.edu
Hello, World! I am process 64 of 256. Running on r351.ib.bridges2.psc.edu
Hello, World! I am process 65 of 256. Running on r351.ib.bridges2.psc.edu
Hello, World! I am process 69 of 256. Running on r351.ib.bridges2.psc.edu
Hello, World! I am process 70 of 256. Running on r351.ib.bridges2.psc.edu
Hello, World! I am process 72 of 256. Running on r351.ib.bridges2.psc.edu
Hello, World! I am process 73 of 256. Running on r351.ib.bridges2.psc.edu
Hello, World! I am process 105 of 256. Running on r351.ib.bridges2.psc.edu
Hello, World! I am process 112 of 256. Running on r351.ib.bridges2.psc.edu
Hello, World! I am process 119 of 256. Running on r351.ib.bridges2.psc.edu
Hello, World! I am process 123 of 256. Running on r351.ib.bridges2.psc.edu
Hello, World! I am process 0 of 256. Running on r351.ib.bridges2.psc.edu
Hello, World! I am process 5 of 256. Running on r351.ib.bridges2.psc.edu
Hello, World! I am process 7 of 256. Running on r351.ib.bridges2.psc.edu
Hello, World! I am process 16 of 256. Running on r351.ib.bridges2.psc.edu
Hello, World! I am process 18 of 256. Running on r351.ib.bridges2.psc.edu
Hello, World! I am process 19 of 256. Running on r351.ib.bridges2.psc.edu
Hello, World! I am process 20 of 256. Running on r351.ib.bridges2.psc.edu
Hello, World! I am process 28 of 256. Running on r351.ib.bridges2.psc.edu
Hello, World! I am process 34 of 256. Running on r351.ib.bridges2.psc.edu
Hello, World! I am process 35 of 256. Running on r351.ib.bridges2.psc.edu
Hello, World! I am process 40 of 256. Running on r351.ib.bridges2.psc.edu
Hello, World! I am process 192 of 256. Running on r353.ib.bridges2.psc.edu
Hello, World! I am process 41 of 256. Running on r351.ib.bridges2.psc.edu
Hello, World! I am process 44 of 256. Running on r351.ib.bridges2.psc.edu
Hello, World! I am process 63 of 256. Running on r351.ib.bridges2.psc.edu
Hello, World! I am process 68 of 256. Running on r351.ib.bridges2.psc.edu
Hello, World! I am process 75 of 256. Running on r351.ib.bridges2.psc.edu
Hello, World! I am process 80 of 256. Running on r351.ib.bridges2.psc.edu
Hello, World! I am process 82 of 256. Running on r351.ib.bridges2.psc.edu
Hello, World! I am process 85 of 256. Running on r351.ib.bridges2.psc.edu
Hello, World! I am process 92 of 256. Running on r351.ib.bridges2.psc.edu
Hello, World! I am process 94 of 256. Running on r351.ib.bridges2.psc.edu
Hello, World! I am process 96 of 256. Running on r351.ib.bridges2.psc.edu
Hello, World! I am process 109 of 256. Running on r351.ib.bridges2.psc.edu
Hello, World! I am process 113 of 256. Running on r351.ib.bridges2.psc.edu
Hello, World! I am process 114 of 256. Running on r351.ib.bridges2.psc.edu
Hello, World! I am process 117 of 256. Running on r351.ib.bridges2.psc.edu
Hello, World! I am process 121 of 256. Running on r351.ib.bridges2.psc.edu
Hello, World! I am process 125 of 256. Running on r351.ib.bridges2.psc.edu
Hello, World! I am process 6 of 256. Running on r351.ib.bridges2.psc.edu
Hello, World! I am process 30 of 256. Running on r351.ib.bridges2.psc.edu
Hello, World! I am process 99 of 256. Running on r351.ib.bridges2.psc.edu
Hello, World! I am process 174 of 256. Running on r353.ib.bridges2.psc.edu
Hello, World! I am process 78 of 256. Running on r351.ib.bridges2.psc.edu
